<?xml version="1.0" encoding="UTF-8"?>
<testng-results ignored="0" total="2" passed="1" failed="1" skipped="0">
  <reporter-output>
  </reporter-output>
  <suite started-at="2025-10-29T20:24:29 IST" name="Default suite" finished-at="2025-10-29T20:24:47 IST" duration-ms="17772">
    <groups>
      <group name="cucumber">
        <method signature="AbstractTestNGCucumberTests.runScenario(io.cucumber.testng.PickleWrapper,io.cucumber.testng.FeatureWrapper)[pri:0, instance:com.skillio.FeatureRunner@676cf48]" name="runScenario" class="io.cucumber.testng.AbstractTestNGCucumberTests"/>
      </group> <!-- cucumber -->
    </groups>
    <test started-at="2025-10-29T20:24:29 IST" name="Default test" finished-at="2025-10-29T20:24:47 IST" duration-ms="17772">
      <class name="com.skillio.FeatureRunner">
        <test-method is-config="true" signature="setUpClass(org.testng.ITestContext)[pri:0, instance:com.skillio.FeatureRunner@676cf48]" started-at="2025-10-29T20:24:29 IST" name="setUpClass" finished-at="2025-10-29T20:24:30 IST" duration-ms="548" status="PASS">
          <params>
            <param index="0">
              <value>
                <![CDATA[org.testng.TestRunner@261db982]]>
              </value>
            </param>
          </params>
          <reporter-output>
          </reporter-output>
        </test-method> <!-- setUpClass -->
        <test-method signature="runScenario(io.cucumber.testng.PickleWrapper,io.cucumber.testng.FeatureWrapper)[pri:0, instance:com.skillio.FeatureRunner@676cf48]" started-at="2025-10-29T20:24:30 IST" name="runScenario" description="Runs Cucumber Scenarios" data-provider="scenarios" finished-at="2025-10-29T20:24:40 IST" duration-ms="10251" status="FAIL">
          <params>
            <param index="0">
              <value>
                <![CDATA["Verify search results when 2BHK filter is applied"]]>
              </value>
            </param>
            <param index="1">
              <value>
                <![CDATA["Search property and verify otp to get the peroperty details"]]>
              </value>
            </param>
          </params>
          <exception class="org.openqa.selenium.NoSuchElementException">
            <message>
              <![CDATA[Unable to locate element: div[class*='searchCategory']>div[class*='listItem']:nth-child(1)
For documentation on this error, please visit: https://www.selenium.dev/documentation/webdriver/troubleshooting/errors#no-such-element-exception
Build info: version: '4.35.0', revision: '1c58e5028b'
System info: os.name: 'Mac OS X', os.arch: 'x86_64', os.version: '26.0.1', java.version: '17.0.11'
Driver info: org.openqa.selenium.firefox.FirefoxDriver
Command: [11087a3a-6a57-44d5-bce8-789bc08e64d3, findElement {value=div[class*='searchCategory']>div[class*='listItem']:nth-child(1), using=css selector}]
Capabilities {acceptInsecureCerts: true, browserName: firefox, browserVersion: 143.0.4, moz:accessibilityChecks: false, moz:buildID: 20251003115653, moz:geckodriverVersion: 0.36.0, moz:headless: false, moz:platformVersion: 25.0.0, moz:processID: 6158, moz:profile: /var/folders/v9/w_jzhx_d0r3..., moz:shutdownTimeout: 60000, moz:webdriverClick: true, moz:windowless: false, pageLoadStrategy: normal, platformName: mac, proxy: Proxy(), setWindowRect: true, strictFileInteractability: false, timeouts: {implicit: 0, pageLoad: 300000, script: 30000}, unhandledPromptBehavior: dismiss and notify, userAgent: Mozilla/5.0 (Macintosh; Int...}
Session ID: 11087a3a-6a57-44d5-bce8-789bc08e64d3]]>
            </message>
            <full-stacktrace>
              <![CDATA[org.openqa.selenium.NoSuchElementException: Unable to locate element: div[class*='searchCategory']>div[class*='listItem']:nth-child(1)
For documentation on this error, please visit: https://www.selenium.dev/documentation/webdriver/troubleshooting/errors#no-such-element-exception
Build info: version: '4.35.0', revision: '1c58e5028b'
System info: os.name: 'Mac OS X', os.arch: 'x86_64', os.version: '26.0.1', java.version: '17.0.11'
Driver info: org.openqa.selenium.firefox.FirefoxDriver
Command: [11087a3a-6a57-44d5-bce8-789bc08e64d3, findElement {value=div[class*='searchCategory']>div[class*='listItem']:nth-child(1), using=css selector}]
Capabilities {acceptInsecureCerts: true, browserName: firefox, browserVersion: 143.0.4, moz:accessibilityChecks: false, moz:buildID: 20251003115653, moz:geckodriverVersion: 0.36.0, moz:headless: false, moz:platformVersion: 25.0.0, moz:processID: 6158, moz:profile: /var/folders/v9/w_jzhx_d0r3..., moz:shutdownTimeout: 60000, moz:webdriverClick: true, moz:windowless: false, pageLoadStrategy: normal, platformName: mac, proxy: Proxy(), setWindowRect: true, strictFileInteractability: false, timeouts: {implicit: 0, pageLoad: 300000, script: 30000}, unhandledPromptBehavior: dismiss and notify, userAgent: Mozilla/5.0 (Macintosh; Int...}
Session ID: 11087a3a-6a57-44d5-bce8-789bc08e64d3
at java.base/jdk.internal.reflect.NativeConstructorAccessorImpl.newInstance0(Native Method)
at java.base/jdk.internal.reflect.NativeConstructorAccessorImpl.newInstance(NativeConstructorAccessorImpl.java:77)
at java.base/jdk.internal.reflect.DelegatingConstructorAccessorImpl.newInstance(DelegatingConstructorAccessorImpl.java:45)
at java.base/java.lang.reflect.Constructor.newInstanceWithCaller(Constructor.java:499)
at java.base/java.lang.reflect.Constructor.newInstance(Constructor.java:480)
at org.openqa.selenium.remote.ErrorCodec.decode(ErrorCodec.java:167)
at org.openqa.selenium.remote.codec.w3c.W3CHttpResponseCodec.decode(W3CHttpResponseCodec.java:138)
at org.openqa.selenium.remote.codec.w3c.W3CHttpResponseCodec.decode(W3CHttpResponseCodec.java:50)
at org.openqa.selenium.remote.HttpCommandExecutor.execute(HttpCommandExecutor.java:215)
at org.openqa.selenium.remote.service.DriverCommandExecutor.invokeExecute(DriverCommandExecutor.java:216)
at org.openqa.selenium.remote.service.DriverCommandExecutor.execute(DriverCommandExecutor.java:174)
at org.openqa.selenium.remote.RemoteWebDriver.execute(RemoteWebDriver.java:557)
at org.openqa.selenium.remote.ElementLocation$ElementFinder$2.findElement(ElementLocation.java:165)
at org.openqa.selenium.remote.ElementLocation.findElement(ElementLocation.java:59)
at org.openqa.selenium.remote.RemoteWebDriver.findElement(RemoteWebDriver.java:380)
at org.openqa.selenium.remote.RemoteWebDriver.findElement(RemoteWebDriver.java:374)
at org.openqa.selenium.support.pagefactory.DefaultElementLocator.findElement(DefaultElementLocator.java:68)
at org.openqa.selenium.support.pagefactory.internal.LocatingElementHandler.invoke(LocatingElementHandler.java:38)
at jdk.proxy2/jdk.proxy2.$Proxy39.click(Unknown Source)
at com.skillio.pages.HomePage.selectFromCity(HomePage.java:51)
at com.skillio.stepdefinitions.HomePageSteps.enterFromCity(HomePageSteps.java:24)
at ✽.User enters from city as Swargate(file:///Volumes/extra/Testing%20Shastra/Narcissus24A/SnapTest/src/test/resources/Features/First.feature:5)
]]>
            </full-stacktrace>
          </exception> <!-- org.openqa.selenium.NoSuchElementException -->
          <reporter-output>
          </reporter-output>
        </test-method> <!-- runScenario -->
        <test-method signature="runScenario(io.cucumber.testng.PickleWrapper,io.cucumber.testng.FeatureWrapper)[pri:0, instance:com.skillio.FeatureRunner@676cf48]" started-at="2025-10-29T20:24:40 IST" name="runScenario" description="Runs Cucumber Scenarios" data-provider="scenarios" finished-at="2025-10-29T20:24:47 IST" duration-ms="6713" status="PASS">
          <params>
            <param index="0">
              <value>
                <![CDATA["Sample scenario to pass parameter"]]>
              </value>
            </param>
            <param index="1">
              <value>
                <![CDATA["Search property and verify otp to get the peroperty details"]]>
              </value>
            </param>
          </params>
          <reporter-output>
          </reporter-output>
        </test-method> <!-- runScenario -->
        <test-method is-config="true" signature="tearDownClass()[pri:0, instance:com.skillio.FeatureRunner@676cf48]" started-at="2025-10-29T20:24:47 IST" name="tearDownClass" finished-at="2025-10-29T20:24:47 IST" duration-ms="4" status="PASS">
          <reporter-output>
          </reporter-output>
        </test-method> <!-- tearDownClass -->
      </class> <!-- com.skillio.FeatureRunner -->
    </test> <!-- Default test -->
  </suite> <!-- Default suite -->
</testng-results>
